2026-03-31T15:20:22.5665895Z,Updating submodules.,12feff4d-c398-4189-8444-02ecc6e094cc,0
2026-03-31T15:20:23.6812220Z,Preparing deployment for commit id '8ec5e098-e'.,5254dc3b-8b81-4b2a-a002-ccdd79f37f6a,0
2026-03-31T15:20:24.0784818Z,PreDeployment: context.CleanOutputPath False,09860239-1ea2-4357-951d-8bd42f9413fd,0
2026-03-31T15:20:24.2473921Z,PreDeployment: context.OutputPath /home/site/wwwroot,ee200294-31a9-4060-be5c-ce5e42a09117,0
2026-03-31T15:20:24.4171292Z,Generating deployment script.,6ea4a3e9-9db0-4a60-a41a-c1a5304b02c0,0
2026-03-31T15:20:24.5518459Z,Running deployment command...,c7fe65aa-e061-45e0-a257-12b0ae19146d,0
	2026-03-31T15:20:24.5549801Z,Command: /opt/Kudu/Scripts/parallel_rsync.sh /tmp/zipdeploy/extracted /home/site/wwwroot 8 /tmp/ False True  ,,0
	2026-03-31T15:20:24.6897205Z,Run rsync from: /tmp/zipdeploy/extracted/ to: /home/site/wwwroot/ in 8 parallel threads,,0
	2026-03-31T15:20:24.7309228Z,Delete options: clean=False&comma; use manifest=True&comma; directory to ignore=,,0
	2026-03-31T15:20:24.7692539Z,Prev manifest = /home/site/deployments/bfc3acd9-92d3-42c3-ba49-6c6a33979291/manifest and next /home/site/deployments/8ec5e098-e128-42e9-95c7-1380ab373035/manifest,,0
	2026-03-31T15:20:24.7890015Z,Cleaning up /tmp//filelist.txt and /tmp//splits,,0
	2026-03-31T15:20:24.7982619Z,Creating a list of all files at /tmp//filelist.txt,,0
	2026-03-31T15:20:24.8294390Z,No directory to exclude.,,0
	2026-03-31T15:20:24.9173395Z,Created /tmp//filelist.txt. Total number of files to be synced = 5.,,0
	2026-03-31T15:20:24.9565052Z,Created batches from the list of files. Processing 1 files in each thread,,0
	2026-03-31T15:20:25.0352279Z,Running rsync for filelist /tmp//splits/split.ab from /tmp/zipdeploy/extracted/ to /home/site/wwwroot/,,0
	2026-03-31T15:20:25.1860723Z,Running rsync for filelist /tmp//splits/split.ac from /tmp/zipdeploy/extracted/ to /home/site/wwwroot/,,0
	2026-03-31T15:20:25.2257862Z,Running rsync for filelist /tmp//splits/split.ae from /tmp/zipdeploy/extracted/ to /home/site/wwwroot/,,0
	2026-03-31T15:20:25.3353740Z,Running rsync for filelist /tmp//splits/split.ad from /tmp/zipdeploy/extracted/ to /home/site/wwwroot/,,0
	2026-03-31T15:20:25.4241329Z,Running rsync for filelist /tmp//splits/split.aa from /tmp/zipdeploy/extracted/ to /home/site/wwwroot/,,0
	2026-03-31T15:20:25.6374837Z,,,0
	2026-03-31T15:20:25.6977739Z,,,0
	2026-03-31T15:20:25.7173595Z,Number of files: 2 (reg: 1&comma; dir: 1),,0
	2026-03-31T15:20:25.7399054Z,Number of created files: 0,,0
	2026-03-31T15:20:25.7594736Z,Number of deleted files: 0,,0
	2026-03-31T15:20:25.8393330Z,Number of regular files transferred: 1,,0
	2026-03-31T15:20:25.8608722Z,Total file size: 1.10K bytes,,0
	2026-03-31T15:20:25.9301019Z,Total transferred file size: 1.10K bytes,,0
	2026-03-31T15:20:26.0792497Z,Literal data: 1.10K bytes,,0
	2026-03-31T15:20:26.0920259Z,Matched data: 0 bytes,,0
	2026-03-31T15:20:26.1203320Z,File list size: 0,,0
	2026-03-31T15:20:26.1589128Z,File list generation time: 0.008 seconds,,0
	2026-03-31T15:20:26.1699670Z,File list transfer time: 0.000 seconds,,0
	2026-03-31T15:20:26.2097142Z,Total bytes sent: 806,,0
	2026-03-31T15:20:26.2403541Z,Total bytes received: 38,,0
	2026-03-31T15:20:26.2600543Z,,,0
	2026-03-31T15:20:26.2888229Z,sent 806 bytes  received 38 bytes  1.69K bytes/sec,,0
	2026-03-31T15:20:26.3101274Z,total size is 1.10K  speedup is 1.30,,0
	2026-03-31T15:20:26.3407749Z,Attempt 1: Rsync for filelist /tmp//splits/split.ab completed with exit code 0,,0
	2026-03-31T15:20:26.3890841Z,Number of files: 1 (reg: 1),,0
	2026-03-31T15:20:26.4309268Z,Number of created files: 1 (reg: 1),,0
	2026-03-31T15:20:26.4903516Z,Number of deleted files: 0,,0
	2026-03-31T15:20:26.5610150Z,Number of regular files transferred: 1,,0
	2026-03-31T15:20:26.6184499Z,Total file size: 1.15K bytes,,0
	2026-03-31T15:20:26.7189648Z,Total transferred file size: 1.15K bytes,,0
	2026-03-31T15:20:26.7894108Z,Literal data: 1.15K bytes,,0
	2026-03-31T15:20:26.8161517Z,Matched data: 0 bytes,,0
	2026-03-31T15:20:26.8477826Z,File list size: 0,,0
	2026-03-31T15:20:26.8935201Z,File list generation time: 0.001 seconds,,0
	2026-03-31T15:20:26.9236586Z,File list transfer time: 0.000 seconds,,0
	2026-03-31T15:20:26.9511146Z,Total bytes sent: 799,,0
	2026-03-31T15:20:26.9936850Z,Total bytes received: 35,,0
	2026-03-31T15:20:27.0206802Z,,,0
	2026-03-31T15:20:27.0327365Z,sent 799 bytes  received 35 bytes  1.67K bytes/sec,,0
	2026-03-31T15:20:27.0688437Z,total size is 1.15K  speedup is 1.37,,0
	2026-03-31T15:20:27.0808096Z,Attempt 1: Rsync for filelist /tmp//splits/split.ac completed with exit code 0,,0
	2026-03-31T15:20:27.0910438Z,,,0
	2026-03-31T15:20:27.1104358Z,Number of files: 1 (reg: 1),,0
	2026-03-31T15:20:27.1804090Z,Number of created files: 1 (reg: 1),,0
	2026-03-31T15:20:27.1998603Z,Number of deleted files: 0,,0
	2026-03-31T15:20:27.2113113Z,Number of regular files transferred: 1,,0
	2026-03-31T15:20:27.2184172Z,Total file size: 35.68K bytes,,0
	2026-03-31T15:20:27.2386465Z,Total transferred file size: 35.68K bytes,,0
	2026-03-31T15:20:27.2657858Z,Literal data: 35.68K bytes,,0
	2026-03-31T15:20:27.2789994Z,Matched data: 0 bytes,,0
	2026-03-31T15:20:27.2958880Z,File list size: 0,,0
	2026-03-31T15:20:27.3060340Z,File list generation time: 0.001 seconds,,0
	2026-03-31T15:20:27.3159164Z,File list transfer time: 0.000 seconds,,0
	2026-03-31T15:20:27.3271790Z,Total bytes sent: 9.59K,,0
	2026-03-31T15:20:27.3657703Z,Total bytes received: 35,,0
	2026-03-31T15:20:27.3785406Z,,,0
	2026-03-31T15:20:27.3849841Z,sent 9.59K bytes  received 35 bytes  19.26K bytes/sec,,0
	2026-03-31T15:20:27.3899855Z,total size is 35.68K  speedup is 3.71,,0
	2026-03-31T15:20:27.3949377Z,,,0
	2026-03-31T15:20:27.3997579Z,Number of files: 1 (reg: 1),,0
	2026-03-31T15:20:27.4068939Z,Number of created files: 1 (reg: 1),,0
	2026-03-31T15:20:27.4115165Z,Number of deleted files: 0,,0
	2026-03-31T15:20:27.4181780Z,Number of regular files transferred: 1,,0
	2026-03-31T15:20:27.4221034Z,Total file size: 338 bytes,,0
	2026-03-31T15:20:27.4277953Z,Total transferred file size: 338 bytes,,0
	2026-03-31T15:20:27.4345327Z,Literal data: 338 bytes,,0
	2026-03-31T15:20:27.4591361Z,Matched data: 0 bytes,,0
	2026-03-31T15:20:27.4669498Z,File list size: 0,,0
	2026-03-31T15:20:27.4714331Z,File list generation time: 0.001 seconds,,0
	2026-03-31T15:20:27.4782734Z,File list transfer time: 0.000 seconds,,0
	2026-03-31T15:20:27.4848690Z,Total bytes sent: 379,,0
	2026-03-31T15:20:27.4893114Z,Total bytes received: 35,,0
	2026-03-31T15:20:27.4968318Z,,,0
	2026-03-31T15:20:27.5012537Z,sent 379 bytes  received 35 bytes  828.00 bytes/sec,,0
	2026-03-31T15:20:27.5147421Z,total size is 338  speedup is 0.82,,0
	2026-03-31T15:20:27.5206764Z,Attempt 1: Rsync for filelist /tmp//splits/split.aa completed with exit code 0,,0
	2026-03-31T15:20:27.5297135Z,,,0
	2026-03-31T15:20:27.5346637Z,Number of files: 1 (reg: 1),,0
	2026-03-31T15:20:27.5653258Z,Number of created files: 1 (reg: 1),,0
	2026-03-31T15:20:27.5722315Z,Number of deleted files: 0,,0
	2026-03-31T15:20:27.5811620Z,Number of regular files transferred: 1,,0
	2026-03-31T15:20:27.5872086Z,Total file size: 116 bytes,,0
	2026-03-31T15:20:27.5943687Z,Total transferred file size: 116 bytes,,0
	2026-03-31T15:20:27.6030199Z,Literal data: 116 bytes,,0
	2026-03-31T15:20:27.6100808Z,Matched data: 0 bytes,,0
	2026-03-31T15:20:27.6149195Z,File list size: 0,,0
	2026-03-31T15:20:27.6202320Z,File list generation time: 0.001 seconds,,0
	2026-03-31T15:20:27.6270731Z,File list transfer time: 0.000 seconds,,0
	2026-03-31T15:20:27.6309934Z,Total bytes sent: 255,,0
	2026-03-31T15:20:27.6403712Z,Total bytes received: 35,,0
	2026-03-31T15:20:27.6586329Z,,,0
	2026-03-31T15:20:27.6707810Z,sent 255 bytes  received 35 bytes  580.00 bytes/sec,,0
	2026-03-31T15:20:27.6958469Z,total size is 116  speedup is 0.40,,0
	2026-03-31T15:20:27.7003845Z,Attempt 1: Rsync for filelist /tmp//splits/split.ae completed with exit code 0,,0
	2026-03-31T15:20:27.7058463Z,Attempt 1: Rsync for filelist /tmp//splits/split.ad completed with exit code 0,,0
	2026-03-31T15:20:27.7100753Z,Deleting files not present in /tmp/zipdeploy/extracted/ from /home/site/wwwroot/ based on manifest file /home/site/deployments/bfc3acd9-92d3-42c3-ba49-6c6a33979291/manifest,,0
	2026-03-31T15:20:29.1917287Z,Number of files deleted: 934. See /tmp//rsync_deletion_logs.txt for more details.,,0
	2026-03-31T15:20:29.2236136Z,create new manifest file at /home/site/deployments/8ec5e098-e128-42e9-95c7-1380ab373035/manifest,,0
	2026-03-31T15:20:29.2350752Z,Completed successfully in 5 seconds,,0
2026-03-31T15:20:29.4235752Z,Running post deployment command(s)...,2e40759d-2adc-4fd5-8b6d-73b36828e78b,0
2026-03-31T15:20:29.5752516Z,Triggering recycle (preview mode disabled).,4694e0c3-88bb-43d5-b8db-057728b92cce,0
2026-03-31T15:20:29.7347313Z,Deployment successful. deployer = Push-Deployer deploymentPath = ZipDeploy. Extract zip.,a6271c5f-710c-4893-9073-785f27a2c6f3,0
