2026-03-31T15:05:45.5597239Z,Updating submodules.,d3a78645-c0e5-4c86-b828-522ad034567b,0
2026-03-31T15:05:46.7397268Z,Preparing deployment for commit id 'bfc3acd9-9'.,f2a93614-ba2b-42d8-8862-d3becbdd45c7,0
2026-03-31T15:05:47.1647471Z,PreDeployment: context.CleanOutputPath False,495ae583-0a4f-42a3-9834-44ede18fd6da,0
2026-03-31T15:05:47.3046286Z,PreDeployment: context.OutputPath /home/site/wwwroot,53c5c697-c455-45f2-94e5-e7109b8f80cc,0
2026-03-31T15:05:47.5256584Z,Generating deployment script.,91e4a0d7-199c-4945-9ce1-0e577cc807dc,0
2026-03-31T15:05:48.0010141Z,Running deployment command...,5318d820-0cf1-4461-8a5e-1c7809ba993a,0
	2026-03-31T15:05:48.0041601Z,Command: /opt/Kudu/Scripts/parallel_rsync.sh /tmp/zipdeploy/extracted /home/site/wwwroot 8 /tmp/ False True  ,,0
	2026-03-31T15:05:48.1182294Z,Run rsync from: /tmp/zipdeploy/extracted/ to: /home/site/wwwroot/ in 8 parallel threads,,0
	2026-03-31T15:05:48.1678452Z,Delete options: clean=False&comma; use manifest=True&comma; directory to ignore=,,0
	2026-03-31T15:05:48.2085136Z,Prev manifest = /opt/Kudu/Scripts/firstDeploymentManifest and next /home/site/deployments/bfc3acd9-92d3-42c3-ba49-6c6a33979291/manifest,,0
	2026-03-31T15:05:48.2594297Z,Cleaning up /tmp//filelist.txt and /tmp//splits,,0
	2026-03-31T15:05:48.2984098Z,Creating a list of all files at /tmp//filelist.txt,,0
	2026-03-31T15:05:48.3594039Z,No directory to exclude.,,0
	2026-03-31T15:05:48.4192964Z,Created /tmp//filelist.txt. Total number of files to be synced = 935.,,0
	2026-03-31T15:05:48.4909521Z,Created batches from the list of files. Processing 117 files in each thread,,0
	2026-03-31T15:05:48.6318313Z,Running rsync for filelist /tmp//splits/split.ab from /tmp/zipdeploy/extracted/ to /home/site/wwwroot/,,0
	2026-03-31T15:05:48.6800785Z,Running rsync for filelist /tmp//splits/split.aa from /tmp/zipdeploy/extracted/ to /home/site/wwwroot/,,0
	2026-03-31T15:05:48.8021777Z,Running rsync for filelist /tmp//splits/split.ad from /tmp/zipdeploy/extracted/ to /home/site/wwwroot/,,0
	2026-03-31T15:05:48.8429430Z,Running rsync for filelist /tmp//splits/split.ac from /tmp/zipdeploy/extracted/ to /home/site/wwwroot/,,0
	2026-03-31T15:05:48.9825101Z,Running rsync for filelist /tmp//splits/split.ae from /tmp/zipdeploy/extracted/ to /home/site/wwwroot/,,0
	2026-03-31T15:05:49.0435863Z,Running rsync for filelist /tmp//splits/split.af from /tmp/zipdeploy/extracted/ to /home/site/wwwroot/,,0
	2026-03-31T15:05:49.1513723Z,Running rsync for filelist /tmp//splits/split.ag from /tmp/zipdeploy/extracted/ to /home/site/wwwroot/,,0
	2026-03-31T15:05:49.2216363Z,Running rsync for filelist /tmp//splits/split.ah from /tmp/zipdeploy/extracted/ to /home/site/wwwroot/,,0
	2026-03-31T15:06:13.1582399Z,,,0
	2026-03-31T15:06:13.2440891Z,Number of files: 152 (reg: 117&comma; dir: 35),,0
	2026-03-31T15:06:13.2717033Z,Number of created files: 149 (reg: 117&comma; dir: 32),,0
	2026-03-31T15:06:13.2982344Z,Number of deleted files: 0,,0
	2026-03-31T15:06:13.3187093Z,Number of regular files transferred: 117,,0
	2026-03-31T15:06:13.3517208Z,Total file size: 139.52K bytes,,0
	2026-03-31T15:06:13.3569487Z,Total transferred file size: 139.52K bytes,,0
	2026-03-31T15:06:13.3771885Z,Literal data: 139.52K bytes,,0
	2026-03-31T15:06:13.3824481Z,Matched data: 0 bytes,,0
	2026-03-31T15:06:13.4042153Z,File list size: 0,,0
	2026-03-31T15:06:13.4097998Z,File list generation time: 0.554 seconds,,0
	2026-03-31T15:06:13.4627523Z,File list transfer time: 0.000 seconds,,0
	2026-03-31T15:06:13.4901100Z,Total bytes sent: 150.55K,,0
	2026-03-31T15:06:13.5195158Z,Total bytes received: 2.34K,,0
	2026-03-31T15:06:13.5312471Z,,,0
	2026-03-31T15:06:13.5622228Z,sent 150.55K bytes  received 2.34K bytes  6.24K bytes/sec,,0
	2026-03-31T15:06:13.6020877Z,total size is 139.52K  speedup is 0.91,,0
	2026-03-31T15:06:13.6429698Z,Attempt 1: Rsync for filelist /tmp//splits/split.ac completed with exit code 0,,0
	2026-03-31T15:06:13.6559859Z,,,0
	2026-03-31T15:06:13.6637263Z,Number of files: 160 (reg: 117&comma; dir: 43),,0
	2026-03-31T15:06:13.6717160Z,Number of created files: 156 (reg: 117&comma; dir: 39),,0
	2026-03-31T15:06:13.6759621Z,Number of deleted files: 0,,0
	2026-03-31T15:06:13.7175420Z,Number of regular files transferred: 117,,0
	2026-03-31T15:06:13.7206970Z,Total file size: 185.09K bytes,,0
	2026-03-31T15:06:13.7235697Z,Total transferred file size: 185.09K bytes,,0
	2026-03-31T15:06:13.7263895Z,Literal data: 185.09K bytes,,0
	2026-03-31T15:06:13.7453589Z,Matched data: 0 bytes,,0
	2026-03-31T15:06:13.7525280Z,File list size: 0,,0
	2026-03-31T15:06:13.7576022Z,File list generation time: 0.654 seconds,,0
	2026-03-31T15:06:13.7892814Z,File list transfer time: 0.000 seconds,,0
	2026-03-31T15:06:13.8338737Z,Total bytes sent: 150.90K,,0
	2026-03-31T15:06:13.8656896Z,Total bytes received: 2.36K,,0
	2026-03-31T15:06:13.9044638Z,,,0
	2026-03-31T15:06:13.9266632Z,sent 150.90K bytes  received 2.36K bytes  6.01K bytes/sec,,0
	2026-03-31T15:06:14.0069463Z,total size is 185.09K  speedup is 1.21,,0
	2026-03-31T15:06:14.0273703Z,Attempt 1: Rsync for filelist /tmp//splits/split.aa completed with exit code 0,,0
	2026-03-31T15:06:14.0579315Z,,,0
	2026-03-31T15:06:14.0909023Z,Number of files: 154 (reg: 117&comma; dir: 37),,0
	2026-03-31T15:06:14.0965530Z,Number of created files: 151 (reg: 117&comma; dir: 34),,0
	2026-03-31T15:06:14.1127026Z,Number of deleted files: 0,,0
	2026-03-31T15:06:14.1196033Z,Number of regular files transferred: 117,,0
	2026-03-31T15:06:14.1276835Z,Total file size: 180.29K bytes,,0
	2026-03-31T15:06:14.1566762Z,Total transferred file size: 180.29K bytes,,0
	2026-03-31T15:06:14.1627435Z,Literal data: 180.29K bytes,,0
	2026-03-31T15:06:14.1700924Z,Matched data: 0 bytes,,0
	2026-03-31T15:06:14.1794218Z,File list size: 0,,0
	2026-03-31T15:06:14.1849895Z,File list generation time: 0.553 seconds,,0
	2026-03-31T15:06:14.1928546Z,File list transfer time: 0.000 seconds,,0
	2026-03-31T15:06:14.2153441Z,Total bytes sent: 191.23K,,0
	2026-03-31T15:06:14.2730810Z,Total bytes received: 2.35K,,0
	2026-03-31T15:06:14.2779334Z,,,0
	2026-03-31T15:06:14.2940153Z,sent 191.23K bytes  received 2.35K bytes  7.59K bytes/sec,,0
	2026-03-31T15:06:14.2992666Z,total size is 180.29K  speedup is 0.93,,0
	2026-03-31T15:06:14.3037762Z,Attempt 1: Rsync for filelist /tmp//splits/split.ab completed with exit code 0,,0
	2026-03-31T15:06:14.3103605Z,,,0
	2026-03-31T15:06:14.3129981Z,Number of files: 147 (reg: 117&comma; dir: 30),,0
	2026-03-31T15:06:14.3156891Z,Number of created files: 147 (reg: 117&comma; dir: 30),,0
	2026-03-31T15:06:14.3315328Z,Number of deleted files: 0,,0
	2026-03-31T15:06:14.3510313Z,Number of regular files transferred: 117,,0
	2026-03-31T15:06:14.3878786Z,Total file size: 177.74K bytes,,0
	2026-03-31T15:06:14.3924881Z,Total transferred file size: 177.74K bytes,,0
	2026-03-31T15:06:14.3980983Z,Literal data: 177.74K bytes,,0
	2026-03-31T15:06:14.4027014Z,Matched data: 0 bytes,,0
	2026-03-31T15:06:14.4075032Z,File list size: 0,,0
	2026-03-31T15:06:14.4130800Z,File list generation time: 0.573 seconds,,0
	2026-03-31T15:06:14.4188484Z,File list transfer time: 0.000 seconds,,0
	2026-03-31T15:06:14.4424247Z,Total bytes sent: 188.59K,,0
	2026-03-31T15:06:14.4528673Z,Total bytes received: 2.33K,,0
	2026-03-31T15:06:14.4630723Z,,,0
	2026-03-31T15:06:14.4908057Z,sent 188.59K bytes  received 2.33K bytes  7.49K bytes/sec,,0
	2026-03-31T15:06:14.4949029Z,total size is 177.74K  speedup is 0.93,,0
	2026-03-31T15:06:14.4982019Z,Attempt 1: Rsync for filelist /tmp//splits/split.ad completed with exit code 0,,0
	2026-03-31T15:06:14.5019811Z,,,0
	2026-03-31T15:06:14.5054957Z,Number of files: 151 (reg: 116&comma; dir: 35),,0
	2026-03-31T15:06:14.5110182Z,Number of created files: 148 (reg: 116&comma; dir: 32),,0
	2026-03-31T15:06:14.5146475Z,Number of deleted files: 0,,0
	2026-03-31T15:06:14.5225744Z,Number of regular files transferred: 116,,0
	2026-03-31T15:06:14.5318075Z,Total file size: 847.05K bytes,,0
	2026-03-31T15:06:14.5613012Z,Total transferred file size: 847.05K bytes,,0
	2026-03-31T15:06:14.5651681Z,Literal data: 847.05K bytes,,0
	2026-03-31T15:06:14.5734522Z,Matched data: 0 bytes,,0
	2026-03-31T15:06:14.5844716Z,File list size: 0,,0
	2026-03-31T15:06:14.6185255Z,File list generation time: 0.560 seconds,,0
	2026-03-31T15:06:14.6250872Z,File list transfer time: 0.000 seconds,,0
	2026-03-31T15:06:14.6297420Z,Total bytes sent: 285.17K,,0
	2026-03-31T15:06:14.6362279Z,Total bytes received: 2.32K,,0
	2026-03-31T15:06:14.6460890Z,,,0
	2026-03-31T15:06:14.6515845Z,sent 285.17K bytes  received 2.32K bytes  10.85K bytes/sec,,0
	2026-03-31T15:06:14.6628626Z,total size is 847.05K  speedup is 2.95,,0
	2026-03-31T15:06:14.6820002Z,Attempt 1: Rsync for filelist /tmp//splits/split.ah completed with exit code 0,,0
	2026-03-31T15:06:14.6939334Z,,,0
	2026-03-31T15:06:14.7150935Z,Number of files: 148 (reg: 117&comma; dir: 31),,0
	2026-03-31T15:06:14.7320188Z,Number of created files: 145 (reg: 117&comma; dir: 28),,0
	2026-03-31T15:06:14.7420527Z,Number of deleted files: 0,,0
	2026-03-31T15:06:14.7522929Z,Number of regular files transferred: 117,,0
	2026-03-31T15:06:14.7725678Z,Total file size: 150.72K bytes,,0
	2026-03-31T15:06:14.8343650Z,Total transferred file size: 150.72K bytes,,0
	2026-03-31T15:06:14.8445291Z,Literal data: 150.72K bytes,,0
	2026-03-31T15:06:14.8482403Z,Matched data: 0 bytes,,0
	2026-03-31T15:06:14.8522940Z,File list size: 0,,0
	2026-03-31T15:06:14.8559435Z,File list generation time: 0.592 seconds,,0
	2026-03-31T15:06:14.8615709Z,File list transfer time: 0.000 seconds,,0
	2026-03-31T15:06:14.8647720Z,Total bytes sent: 161.69K,,0
	2026-03-31T15:06:14.8679328Z,Total bytes received: 2.33K,,0
	2026-03-31T15:06:14.8715282Z,,,0
	2026-03-31T15:06:14.8754576Z,sent 161.69K bytes  received 2.33K bytes  6.19K bytes/sec,,0
	2026-03-31T15:06:14.9018123Z,total size is 150.72K  speedup is 0.92,,0
	2026-03-31T15:06:14.9322290Z,Attempt 1: Rsync for filelist /tmp//splits/split.ae completed with exit code 0,,0
	2026-03-31T15:06:14.9534750Z,,,0
	2026-03-31T15:06:14.9830218Z,Number of files: 151 (reg: 117&comma; dir: 34),,0
	2026-03-31T15:06:14.9964772Z,Number of created files: 149 (reg: 117&comma; dir: 32),,0
	2026-03-31T15:06:14.9995880Z,Number of deleted files: 0,,0
	2026-03-31T15:06:15.0033001Z,Number of regular files transferred: 117,,0
	2026-03-31T15:06:15.0063933Z,Total file size: 255.27K bytes,,0
	2026-03-31T15:06:15.0092639Z,Total transferred file size: 255.27K bytes,,0
	2026-03-31T15:06:15.0123185Z,Literal data: 255.27K bytes,,0
	2026-03-31T15:06:15.0152804Z,Matched data: 0 bytes,,0
	2026-03-31T15:06:15.0182964Z,File list size: 0,,0
	2026-03-31T15:06:15.0227354Z,File list generation time: 0.823 seconds,,0
	2026-03-31T15:06:15.0253829Z,File list transfer time: 0.000 seconds,,0
	2026-03-31T15:06:15.0532937Z,Total bytes sent: 265.99K,,0
	2026-03-31T15:06:15.1003759Z,Total bytes received: 2.34K,,0
	2026-03-31T15:06:15.1105615Z,,,0
	2026-03-31T15:06:15.1140608Z,sent 265.99K bytes  received 2.34K bytes  10.12K bytes/sec,,0
	2026-03-31T15:06:15.1171221Z,total size is 255.27K  speedup is 0.95,,0
	2026-03-31T15:06:15.1221000Z,Attempt 1: Rsync for filelist /tmp//splits/split.ag completed with exit code 0,,0
	2026-03-31T15:06:15.1253841Z,,,0
	2026-03-31T15:06:15.1284876Z,Number of files: 156 (reg: 117&comma; dir: 39),,0
	2026-03-31T15:06:15.1320809Z,Number of created files: 152 (reg: 117&comma; dir: 35),,0
	2026-03-31T15:06:15.1352039Z,Number of deleted files: 0,,0
	2026-03-31T15:06:15.1380188Z,Number of regular files transferred: 117,,0
	2026-03-31T15:06:15.1435533Z,Total file size: 111.87K bytes,,0
	2026-03-31T15:06:15.1476519Z,Total transferred file size: 111.87K bytes,,0
	2026-03-31T15:06:15.1513577Z,Literal data: 111.87K bytes,,0
	2026-03-31T15:06:15.1555179Z,Matched data: 0 bytes,,0
	2026-03-31T15:06:15.1666672Z,File list size: 0,,0
	2026-03-31T15:06:15.1704233Z,File list generation time: 0.181 seconds,,0
	2026-03-31T15:06:15.1736654Z,File list transfer time: 0.000 seconds,,0
	2026-03-31T15:06:15.1772187Z,Total bytes sent: 122.92K,,0
	2026-03-31T15:06:15.1806024Z,Total bytes received: 2.36K,,0
	2026-03-31T15:06:15.1841917Z,,,0
	2026-03-31T15:06:15.1950437Z,sent 122.92K bytes  received 2.36K bytes  4.73K bytes/sec,,0
	2026-03-31T15:06:15.2042845Z,total size is 111.87K  speedup is 0.89,,0
	2026-03-31T15:06:15.2084026Z,Attempt 1: Rsync for filelist /tmp//splits/split.af completed with exit code 0,,0
	2026-03-31T15:06:15.2120863Z,Deleting files not present in /tmp/zipdeploy/extracted/ from /home/site/wwwroot/ based on manifest file /opt/Kudu/Scripts/firstDeploymentManifest,,0
	2026-03-31T15:06:15.2152547Z,Number of files deleted: 1. See /tmp//rsync_deletion_logs.txt for more details.,,0
	2026-03-31T15:06:15.2240291Z,create new manifest file at /home/site/deployments/bfc3acd9-92d3-42c3-ba49-6c6a33979291/manifest,,0
	2026-03-31T15:06:15.2276214Z,Completed successfully in 26 seconds,,0
2026-03-31T15:06:15.3761585Z,Running post deployment command(s)...,67d05957-4abc-483a-9bfc-5c7fbb9b0760,0
2026-03-31T15:06:15.5293348Z,Triggering recycle (preview mode disabled).,c4109643-faa6-463f-a612-5a02b609a6d5,0
2026-03-31T15:06:15.7725307Z,Deployment successful. deployer = Push-Deployer deploymentPath = ZipDeploy. Extract zip.,3a042184-ffa5-4555-9305-e7ecce3eb8ef,0
